# JRE version: Java(TM) SE Runtime Environment (8.0_92-b14) (build 1.8.0_92-b14)
# Java VM: Java HotSpot(TM) Client VM (25.92-b14 mixed mode windows-x86 )
Heap:
 def new generation   total 9024K, used 3998K [0x03e00000, 0x047c0000, 0x09350000)
  eden space 8064K,  37% used [0x03e00000, 0x040f7868, 0x045e0000)
  from space 960K, 100% used [0x046d0000, 0x047c0000, 0x047c0000)
  to   space 960K,   0% used [0x045e0000, 0x045e0000, 0x046d0000)
 tenured generation   total 19916K, used 14361K [0x09350000, 0x0a6c3000, 0x13e00000)
   the space 19916K,  72% used [0x09350000, 0x0a1566e0, 0x0a156800, 0x0a6c3000)
 Metaspace       used 15658K, capacity 16245K, committed 16256K, reserved 16768K
GC Heap History (10 events):
Event: 4.757 GC heap before
{Heap before GC invocations=68 (full 1):
 def new generation   total 5312K, used 5312K [0x03e00000, 0x043c0000, 0x09350000)
  eden space 4736K, 100% used [0x03e00000, 0x042a0000, 0x042a0000)
  from space 576K, 100% used [0x04330000, 0x043c0000, 0x043c0000)
  to   space 576K,   0% used [0x042a0000, 0x042a0000, 0x04330000)
 tenured generation   total 11708K, used 9900K [0x09350000, 0x09ebf000, 0x13e00000)
   the space 11708K,  84% used [0x09350000, 0x09cfb040, 0x09cfb200, 0x09ebf000)
 Metaspace       used 14644K, capacity 15168K, committed 15232K, reserved 15744K
Event: 4.761 GC heap after
Heap after GC invocations=69 (full 1):
 def new generation   total 5312K, used 576K [0x03e00000, 0x043c0000, 0x09350000)
  eden space 4736K,   0% used [0x03e00000, 0x03e00000, 0x042a0000)
  from space 576K, 100% used [0x042a0000, 0x04330000, 0x04330000)
  to   space 576K,   0% used [0x04330000, 0x04330000, 0x043c0000)
 tenured generation   total 11708K, used 10688K [0x09350000, 0x09ebf000, 0x13e00000)
   the space 11708K,  91% used [0x09350000, 0x09dc0158, 0x09dc0200, 0x09ebf000)
 Metaspace       used 14644K, capacity 15168K, committed 15232K, reserved 15744K
}
Event: 4.886 GC heap before
{Heap before GC invocations=69 (full 1):
 def new generation   total 5312K, used 5312K [0x03e00000, 0x043c0000, 0x09350000)
  eden space 4736K, 100% used [0x03e00000, 0x042a0000, 0x042a0000)
  from space 576K, 100% used [0x042a0000, 0x04330000, 0x04330000)
  to   space 576K,   0% used [0x04330000, 0x04330000, 0x043c0000)
 tenured generation   total 11708K, used 10688K [0x09350000, 0x09ebf000, 0x13e00000)
   the space 11708K,  91% used [0x09350000, 0x09dc0158, 0x09dc0200, 0x09ebf000)
 Metaspace       used 15210K, capacity 15737K, committed 15744K, reserved 15744K
Event: 4.918 GC heap after
Heap after GC invocations=70 (full 2):
 def new generation   total 9024K, used 0K [0x03e00000, 0x047c0000, 0x09350000)
  eden space 8064K,   0% used [0x03e00000, 0x03e00000, 0x045e0000)
  from space 960K,   0% used [0x045e0000, 0x045e0000, 0x046d0000)
  to   space 960K,   0% used [0x046d0000, 0x046d0000, 0x047c0000)
 tenured generation   total 19916K, used 11948K [0x09350000, 0x0a6c3000, 0x13e00000)
   the space 19916K,  59% used [0x09350000, 0x09efb0b8, 0x09efb200, 0x0a6c3000)
 Metaspace       used 15210K, capacity 15737K, committed 15744K, reserved 15744K
}
Event: 5.152 GC heap before
{Heap before GC invocations=70 (full 2):
 def new generation   total 9024K, used 7868K [0x03e00000, 0x047c0000, 0x09350000)
  eden space 8064K,  97% used [0x03e00000, 0x045af200, 0x045e0000)
  from space 960K,   0% used [0x045e0000, 0x045e0000, 0x046d0000)
  to   space 960K,   0% used [0x046d0000, 0x046d0000, 0x047c0000)
 tenured generation   total 19916K, used 11948K [0x09350000, 0x0a6c3000, 0x13e00000)
   the space 19916K,  59% used [0x09350000, 0x09efb0b8, 0x09efb200, 0x0a6c3000)
 Metaspace       used 15307K, capacity 15838K, committed 15872K, reserved 16768K
Event: 5.155 GC heap after
Heap after GC invocations=71 (full 2):
 def new generation   total 9024K, used 854K [0x03e00000, 0x047c0000, 0x09350000)
  eden space 8064K,   0% used [0x03e00000, 0x03e00000, 0x045e0000)
  from space 960K,  89% used [0x046d0000, 0x047a5b28, 0x047c0000)
  to   space 960K,   0% used [0x045e0000, 0x045e0000, 0x046d0000)
 tenured generation   total 19916K, used 12338K [0x09350000, 0x0a6c3000, 0x13e00000)
   the space 19916K,  61% used [0x09350000, 0x09f5cb48, 0x09f5cc00, 0x0a6c3000)
 Metaspace       used 15307K, capacity 15838K, committed 15872K, reserved 16768K
}
Event: 5.623 GC heap before
{Heap before GC invocations=71 (full 2):
 def new generation   total 9024K, used 8918K [0x03e00000, 0x047c0000, 0x09350000)
  eden space 8064K, 100% used [0x03e00000, 0x045e0000, 0x045e0000)
  from space 960K,  89% used [0x046d0000, 0x047a5b28, 0x047c0000)
  to   space 960K,   0% used [0x045e0000, 0x045e0000, 0x046d0000)
 tenured generation   total 19916K, used 12338K [0x09350000, 0x0a6c3000, 0x13e00000)
   the space 19916K,  61% used [0x09350000, 0x09f5cb48, 0x09f5cc00, 0x0a6c3000)
 Metaspace       used 15511K, capacity 16058K, committed 16128K, reserved 16768K
Event: 5.629 GC heap after
Heap after GC invocations=72 (full 2):
 def new generation   total 9024K, used 960K [0x03e00000, 0x047c0000, 0x09350000)
  eden space 8064K,   0% used [0x03e00000, 0x03e00000, 0x045e0000)
  from space 960K, 100% used [0x045e0000, 0x046d0000, 0x046d0000)
  to   space 960K,   0% used [0x046d0000, 0x046d0000, 0x047c0000)
 tenured generation   total 19916K, used 13487K [0x09350000, 0x0a6c3000, 0x13e00000)
   the space 19916K,  67% used [0x09350000, 0x0a07bee0, 0x0a07c000, 0x0a6c3000)
 Metaspace       used 15511K, capacity 16058K, committed 16128K, reserved 16768K
}
Event: 7.015 GC heap before
{Heap before GC invocations=72 (full 2):
 def new generation   total 9024K, used 9024K [0x03e00000, 0x047c0000, 0x09350000)
  eden space 8064K, 100% used [0x03e00000, 0x045e0000, 0x045e0000)
  from space 960K, 100% used [0x045e0000, 0x046d0000, 0x046d0000)
  to   space 960K,   0% used [0x046d0000, 0x046d0000, 0x047c0000)
 tenured generation   total 19916K, used 13487K [0x09350000, 0x0a6c3000, 0x13e00000)
   the space 19916K,  67% used [0x09350000, 0x0a07bee0, 0x0a07c000, 0x0a6c3000)
 Metaspace       used 15547K, capacity 16115K, committed 16128K, reserved 16768K
Event: 7.020 GC heap after
Heap after GC invocations=73 (full 2):
 def new generation   total 9024K, used 960K [0x03e00000, 0x047c0000, 0x09350000)
  eden space 8064K,   0% used [0x03e00000, 0x03e00000, 0x045e0000)
  from space 960K, 100% used [0x046d0000, 0x047c0000, 0x047c0000)
  to   space 960K,   0% used [0x045e0000, 0x045e0000, 0x046d0000)
 tenured generation   total 19916K, used 14361K [0x09350000, 0x0a6c3000, 0x13e00000)
   the space 19916K,  72% used [0x09350000, 0x0a1566e0, 0x0a156800, 0x0a6c3000)
 Metaspace       used 15547K, capacity 16115K, committed 16128K, reserved 16768K
}

